  classfrac.cpp
c:\users\user\source\repos\class_frac\class_frac\numproxy.h(11): error C2061: синтаксическая ошибка: идентификатор "zFrac"
c:\users\user\source\repos\class_frac\class_frac\numproxy.h(13): error C2143: синтаксическая ошибка: отсутствие ";" перед "&"
c:\users\user\source\repos\class_frac\class_frac\numproxy.h(13): error C4430: отсутствует спецификатор типа - предполагается int. Примечание. C++ не поддерживает int по умолчанию
c:\users\user\source\repos\class_frac\class_frac\numproxy.h(13): error C2238: непредвиденные лексемы перед ";"
c:\users\user\source\repos\class_frac\class_frac\numproxy.h(15): error C2143: синтаксическая ошибка: отсутствие ";" перед "&"
c:\users\user\source\repos\class_frac\class_frac\numproxy.h(15): error C4430: отсутствует спецификатор типа - предполагается int. Примечание. C++ не поддерживает int по умолчанию
c:\users\user\source\repos\class_frac\class_frac\numproxy.h(15): error C2238: непредвиденные лексемы перед ";"
c:\users\user\source\repos\class_frac\class_frac\denomproxy.h(11): error C2061: синтаксическая ошибка: идентификатор "zFrac"
c:\users\user\source\repos\class_frac\class_frac\denomproxy.h(12): error C2143: синтаксическая ошибка: отсутствие ";" перед "&"
c:\users\user\source\repos\class_frac\class_frac\denomproxy.h(12): error C4430: отсутствует спецификатор типа - предполагается int. Примечание. C++ не поддерживает int по умолчанию
c:\users\user\source\repos\class_frac\class_frac\denomproxy.h(12): error C2238: непредвиденные лексемы перед ";"
c:\users\user\source\repos\class_frac\class_frac\denomproxy.h(15): error C2143: синтаксическая ошибка: отсутствие ";" перед "&"
c:\users\user\source\repos\class_frac\class_frac\denomproxy.h(15): error C4430: отсутствует спецификатор типа - предполагается int. Примечание. C++ не поддерживает int по умолчанию
c:\users\user\source\repos\class_frac\class_frac\denomproxy.h(15): error C2238: непредвиденные лексемы перед ";"
c:\users\user\source\repos\class_frac\class_frac\classfrac.cpp(9): error C2011: zFrac: переопределение типа "class"
  c:\users\user\source\repos\class_frac\class_frac\zfrac.h(13): note:  см. объявление "zFrac"
c:\users\user\source\repos\class_frac\class_frac\classfrac.cpp(186): error C2027: использование неопределенного типа "zFrac"
  c:\users\user\source\repos\class_frac\class_frac\zfrac.h(13): note:  см. объявление "zFrac"
c:\users\user\source\repos\class_frac\class_frac\classfrac.cpp(187): error C2079: "temp1" использует не имеющую определения структуру class "zFrac"
c:\users\user\source\repos\class_frac\class_frac\classfrac.cpp(188): error C2679: бинарный "+=": не найден оператор, принимающий правый операнд типа "const zFrac" (или приемлемое преобразование отсутствует)
  c:\users\user\source\repos\class_frac\class_frac\classfrac.cpp(188): note: может быть "встроенный оператор C+++=(int, double)"
  c:\users\user\source\repos\class_frac\class_frac\classfrac.cpp(188): note: при попытке сопоставить список аргументов "(int, const zFrac)"
c:\users\user\source\repos\class_frac\class_frac\classfrac.cpp(192): error C2027: использование неопределенного типа "zFrac"
  c:\users\user\source\repos\class_frac\class_frac\zfrac.h(13): note:  см. объявление "zFrac"
c:\users\user\source\repos\class_frac\class_frac\classfrac.cpp(193): error C2079: "temp1" использует не имеющую определения структуру class "zFrac"
c:\users\user\source\repos\class_frac\class_frac\classfrac.cpp(194): error C2679: бинарный "+=": не найден оператор, принимающий правый операнд типа "const zFrac" (или приемлемое преобразование отсутствует)
  c:\users\user\source\repos\class_frac\class_frac\classfrac.cpp(194): note: может быть "встроенный оператор C+++=(int, double)"
  c:\users\user\source\repos\class_frac\class_frac\classfrac.cpp(194): note: при попытке сопоставить список аргументов "(int, const zFrac)"
c:\users\user\source\repos\class_frac\class_frac\classfrac.cpp(198): error C2027: использование неопределенного типа "zFrac"
  c:\users\user\source\repos\class_frac\class_frac\zfrac.h(13): note:  см. объявление "zFrac"
c:\users\user\source\repos\class_frac\class_frac\classfrac.cpp(199): error C2079: "temp1" использует не имеющую определения структуру class "zFrac"
c:\users\user\source\repos\class_frac\class_frac\classfrac.cpp(200): error C2679: бинарный "-=": не найден оператор, принимающий правый операнд типа "const zFrac" (или приемлемое преобразование отсутствует)
  c:\users\user\source\repos\class_frac\class_frac\classfrac.cpp(200): note: может быть "встроенный оператор C++-=(int, double)"
  c:\users\user\source\repos\class_frac\class_frac\classfrac.cpp(200): note: при попытке сопоставить список аргументов "(int, const zFrac)"
c:\users\user\source\repos\class_frac\class_frac\classfrac.cpp(204): error C2027: использование неопределенного типа "zFrac"
  c:\users\user\source\repos\class_frac\class_frac\zfrac.h(13): note:  см. объявление "zFrac"
c:\users\user\source\repos\class_frac\class_frac\classfrac.cpp(205): error C2079: "temp1" использует не имеющую определения структуру class "zFrac"
c:\users\user\source\repos\class_frac\class_frac\classfrac.cpp(206): error C2679: бинарный "-=": не найден оператор, принимающий правый операнд типа "const zFrac" (или приемлемое преобразование отсутствует)
  c:\users\user\source\repos\class_frac\class_frac\classfrac.cpp(206): note: может быть "встроенный оператор C++-=(int, double)"
  c:\users\user\source\repos\class_frac\class_frac\classfrac.cpp(206): note: при попытке сопоставить список аргументов "(int, const zFrac)"
c:\users\user\source\repos\class_frac\class_frac\classfrac.cpp(210): error C2027: использование неопределенного типа "zFrac"
  c:\users\user\source\repos\class_frac\class_frac\zfrac.h(13): note:  см. объявление "zFrac"
c:\users\user\source\repos\class_frac\class_frac\classfrac.cpp(211): error C2079: "temp1" использует не имеющую определения структуру class "zFrac"
c:\users\user\source\repos\class_frac\class_frac\classfrac.cpp(212): error C2679: бинарный "*=": не найден оператор, принимающий правый операнд типа "const zFrac" (или приемлемое преобразование отсутствует)
  c:\users\user\source\repos\class_frac\class_frac\classfrac.cpp(212): note: может быть "встроенный оператор C++*=(int, double)"
  c:\users\user\source\repos\class_frac\class_frac\classfrac.cpp(212): note: при попытке сопоставить список аргументов "(int, const zFrac)"
c:\users\user\source\repos\class_frac\class_frac\classfrac.cpp(216): error C2027: использование неопределенного типа "zFrac"
  c:\users\user\source\repos\class_frac\class_frac\zfrac.h(13): note:  см. объявление "zFrac"
c:\users\user\source\repos\class_frac\class_frac\classfrac.cpp(217): error C2079: "temp1" использует не имеющую определения структуру class "zFrac"
c:\users\user\source\repos\class_frac\class_frac\classfrac.cpp(218): error C2679: бинарный "*=": не найден оператор, принимающий правый операнд типа "const zFrac" (или приемлемое преобразование отсутствует)
  c:\users\user\source\repos\class_frac\class_frac\classfrac.cpp(218): note: может быть "встроенный оператор C++*=(int, double)"
  c:\users\user\source\repos\class_frac\class_frac\classfrac.cpp(218): note: при попытке сопоставить список аргументов "(int, const zFrac)"
c:\users\user\source\repos\class_frac\class_frac\classfrac.cpp(222): error C2374: eps: переопределение; множественная инициализация
  c:\users\user\source\repos\class_frac\class_frac\zfrac.h(96): note:  см. объявление "eps"
c:\users\user\source\repos\class_frac\class_frac\classfrac.cpp(225): error C2027: использование неопределенного типа "zFrac"
  c:\users\user\source\repos\class_frac\class_frac\zfrac.h(13): note:  см. объявление "zFrac"
c:\users\user\source\repos\class_frac\class_frac\classfrac.cpp(229): error C2027: использование неопределенного типа "zFrac"
  c:\users\user\source\repos\class_frac\class_frac\zfrac.h(13): note:  см. объявление "zFrac"
c:\users\user\source\repos\class_frac\class_frac\classfrac.cpp(233): error C2027: использование неопределенного типа "zFrac"
  c:\users\user\source\repos\class_frac\class_frac\zfrac.h(13): note:  см. объявление "zFrac"
c:\users\user\source\repos\class_frac\class_frac\classfrac.cpp(237): error C2027: использование неопределенного типа "zFrac"
  c:\users\user\source\repos\class_frac\class_frac\zfrac.h(13): note:  см. объявление "zFrac"
c:\users\user\source\repos\class_frac\class_frac\classfrac.cpp(241): error C2027: использование неопределенного типа "zFrac"
  c:\users\user\source\repos\class_frac\class_frac\zfrac.h(13): note:  см. объявление "zFrac"
c:\users\user\source\repos\class_frac\class_frac\classfrac.cpp(245): error C2027: использование неопределенного типа "zFrac"
  c:\users\user\source\repos\class_frac\class_frac\zfrac.h(13): note:  см. объявление "zFrac"
c:\users\user\source\repos\class_frac\class_frac\classfrac.cpp(249): error C2027: использование неопределенного типа "zFrac"
  c:\users\user\source\repos\class_frac\class_frac\zfrac.h(13): note:  см. объявление "zFrac"
c:\users\user\source\repos\class_frac\class_frac\classfrac.cpp(253): error C2027: использование неопределенного типа "zFrac"
  c:\users\user\source\repos\class_frac\class_frac\zfrac.h(13): note:  см. объявление "zFrac"
c:\users\user\source\repos\class_frac\class_frac\classfrac.cpp(257): error C2027: использование неопределенного типа "zFrac"
  c:\users\user\source\repos\class_frac\class_frac\zfrac.h(13): note:  см. объявление "zFrac"
c:\users\user\source\repos\class_frac\class_frac\classfrac.cpp(261): error C2027: использование неопределенного типа "zFrac"
  c:\users\user\source\repos\class_frac\class_frac\zfrac.h(13): note:  см. объявление "zFrac"
c:\users\user\source\repos\class_frac\class_frac\classfrac.cpp(265): error C2678: бинарный "==": не найден оператор, принимающий левый операнд типа "zFrac" (или приемлемое преобразование отсутствует)
  c:\users\user\source\repos\class_frac\class_frac\zfrac.h(60): note: может быть "bool zFrac::operator ==(const zFrac &) const"
  c:\users\user\source\repos\class_frac\class_frac\classfrac.cpp(260): note: или       "bool operator ==(zFrac,const int &)"
  c:\users\user\source\repos\class_frac\class_frac\classfrac.cpp(256): note: или       "bool operator ==(const int &,zFrac)"
  c:\program files (x86)\microsoft visual studio\2017\community\vc\tools\msvc\14.13.26128\include\system_error(370): note: или       "bool std::operator ==(const std::error_condition &,const std::error_condition &) noexcept"
  c:\program files (x86)\microsoft visual studio\2017\community\vc\tools\msvc\14.13.26128\include\system_error(364): note: или       "bool std::operator ==(const std::error_condition &,const std::error_code &) noexcept"
  c:\program files (x86)\microsoft visual studio\2017\community\vc\tools\msvc\14.13.26128\include\system_error(358): note: или       "bool std::operator ==(const std::error_code &,const std::error_condition &) noexcept"
  c:\program files (x86)\microsoft visual studio\2017\community\vc\tools\msvc\14.13.26128\include\system_error(352): note: или       "bool std::operator ==(const std::error_code &,const std::error_code &) noexcept"
  c:\program files (x86)\microsoft visual studio\2017\community\vc\tools\msvc\14.13.26128\include\exception(329): note: или       "bool std::operator ==(const std::exception_ptr &,std::nullptr_t) noexcept"
  c:\program files (x86)\microsoft visual studio\2017\community\vc\tools\msvc\14.13.26128\include\exception(324): note: или       "bool std::operator ==(std::nullptr_t,const std::exception_ptr &) noexcept"
  c:\program files (x86)\microsoft visual studio\2017\community\vc\tools\msvc\14.13.26128\include\exception(319): note: или       "bool std::operator ==(const std::exception_ptr &,const std::exception_ptr &) noexcept"
  c:\users\user\source\repos\class_frac\class_frac\classfrac.cpp(265): note: или       "встроенный оператор C++==(double, int)"
  c:\users\user\source\repos\class_frac\class_frac\classfrac.cpp(265): note: при попытке сопоставить список аргументов "(zFrac, const int)"
c:\users\user\source\repos\class_frac\class_frac\classfrac.cpp(269): error C2678: бинарный "==": не найден оператор, принимающий левый операнд типа "zFrac" (или приемлемое преобразование отсутствует)
  c:\users\user\source\repos\class_frac\class_frac\zfrac.h(60): note: может быть "bool zFrac::operator ==(const zFrac &) const"
  c:\users\user\source\repos\class_frac\class_frac\classfrac.cpp(260): note: или       "bool operator ==(zFrac,const int &)"
  c:\users\user\source\repos\class_frac\class_frac\classfrac.cpp(256): note: или       "bool operator ==(const int &,zFrac)"
  c:\program files (x86)\microsoft visual studio\2017\community\vc\tools\msvc\14.13.26128\include\system_error(370): note: или       "bool std::operator ==(const std::error_condition &,const std::error_condition &) noexcept"
  c:\program files (x86)\microsoft visual studio\2017\community\vc\tools\msvc\14.13.26128\include\system_error(364): note: или       "bool std::operator ==(const std::error_condition &,const std::error_code &) noexcept"
  c:\program files (x86)\microsoft visual studio\2017\community\vc\tools\msvc\14.13.26128\include\system_error(358): note: или       "bool std::operator ==(const std::error_code &,const std::error_condition &) noexcept"
  c:\program files (x86)\microsoft visual studio\2017\community\vc\tools\msvc\14.13.26128\include\system_error(352): note: или       "bool std::operator ==(const std::error_code &,const std::error_code &) noexcept"
  c:\program files (x86)\microsoft visual studio\2017\community\vc\tools\msvc\14.13.26128\include\exception(329): note: или       "bool std::operator ==(const std::exception_ptr &,std::nullptr_t) noexcept"
  c:\program files (x86)\microsoft visual studio\2017\community\vc\tools\msvc\14.13.26128\include\exception(324): note: или       "bool std::operator ==(std::nullptr_t,const std::exception_ptr &) noexcept"
  c:\program files (x86)\microsoft visual studio\2017\community\vc\tools\msvc\14.13.26128\include\exception(319): note: или       "bool std::operator ==(const std::exception_ptr &,const std::exception_ptr &) noexcept"
  c:\users\user\source\repos\class_frac\class_frac\classfrac.cpp(269): note: или       "встроенный оператор C++==(double, int)"
  c:\users\user\source\repos\class_frac\class_frac\classfrac.cpp(269): note: при попытке сопоставить список аргументов "(zFrac, const int)"
c:\users\user\source\repos\class_frac\class_frac\classfrac.cpp(276): error C2079: "r1" использует не имеющую определения структуру class "zFrac"
c:\users\user\source\repos\class_frac\class_frac\classfrac.cpp(276): error C2440: инициализация: невозможно преобразовать "initializer list" в "int"
  c:\users\user\source\repos\class_frac\class_frac\classfrac.cpp(276): note: Инициализатор содержит слишком много элементов
c:\users\user\source\repos\class_frac\class_frac\classfrac.cpp(276): error C2079: "r2" использует не имеющую определения структуру class "zFrac"
c:\users\user\source\repos\class_frac\class_frac\classfrac.cpp(278): error C2079: "a" использует не имеющую определения структуру class "zFrac"
c:\users\user\source\repos\class_frac\class_frac\classfrac.cpp(278): error C2079: "b" использует не имеющую определения структуру class "zFrac"
c:\users\user\source\repos\class_frac\class_frac\classfrac.cpp(278): error C2079: "c" использует не имеющую определения структуру class "zFrac"
c:\users\user\source\repos\class_frac\class_frac\classfrac.cpp(278): error C2079: "d" использует не имеющую определения структуру class "zFrac"
c:\users\user\source\repos\class_frac\class_frac\classfrac.cpp(280): error C2228: выражение слева от ".Num" должно представлять класс, структуру или объединение
  c:\users\user\source\repos\class_frac\class_frac\classfrac.cpp(280): note: тип: int
c:\users\user\source\repos\class_frac\class_frac\classfrac.cpp(280): error C2789: "v": требуется инициализация объекта типа класса, квалифицированного как const
  c:\users\user\source\repos\class_frac\class_frac\classfrac.cpp(280): note:  см. объявление "v"
c:\users\user\source\repos\class_frac\class_frac\classfrac.cpp(281): error C2228: выражение слева от ".Num" должно представлять класс, структуру или объединение
  c:\users\user\source\repos\class_frac\class_frac\classfrac.cpp(281): note: тип: int
  denomProxy.cpp
c:\users\user\source\repos\class_frac\class_frac\denomproxy.cpp(1): fatal error C1083: Не удается открыть файл включение: denomProxy: No such file or directory,
  main.cpp
c:\users\user\source\repos\class_frac\class_frac\numproxy.h(11): error C2061: синтаксическая ошибка: идентификатор "zFrac"
c:\users\user\source\repos\class_frac\class_frac\numproxy.h(13): error C2143: синтаксическая ошибка: отсутствие ";" перед "&"
c:\users\user\source\repos\class_frac\class_frac\numproxy.h(13): error C4430: отсутствует спецификатор типа - предполагается int. Примечание. C++ не поддерживает int по умолчанию
c:\users\user\source\repos\class_frac\class_frac\numproxy.h(13): error C2238: непредвиденные лексемы перед ";"
c:\users\user\source\repos\class_frac\class_frac\numproxy.h(15): error C2143: синтаксическая ошибка: отсутствие ";" перед "&"
c:\users\user\source\repos\class_frac\class_frac\numproxy.h(15): error C4430: отсутствует спецификатор типа - предполагается int. Примечание. C++ не поддерживает int по умолчанию
c:\users\user\source\repos\class_frac\class_frac\numproxy.h(15): error C2238: непредвиденные лексемы перед ";"
c:\users\user\source\repos\class_frac\class_frac\denomproxy.h(11): error C2061: синтаксическая ошибка: идентификатор "zFrac"
c:\users\user\source\repos\class_frac\class_frac\denomproxy.h(12): error C2143: синтаксическая ошибка: отсутствие ";" перед "&"
c:\users\user\source\repos\class_frac\class_frac\denomproxy.h(12): error C4430: отсутствует спецификатор типа - предполагается int. Примечание. C++ не поддерживает int по умолчанию
c:\users\user\source\repos\class_frac\class_frac\denomproxy.h(12): error C2238: непредвиденные лексемы перед ";"
c:\users\user\source\repos\class_frac\class_frac\denomproxy.h(15): error C2143: синтаксическая ошибка: отсутствие ";" перед "&"
c:\users\user\source\repos\class_frac\class_frac\denomproxy.h(15): error C4430: отсутствует спецификатор типа - предполагается int. Примечание. C++ не поддерживает int по умолчанию
c:\users\user\source\repos\class_frac\class_frac\denomproxy.h(15): error C2238: непредвиденные лексемы перед ";"
c:\users\user\source\repos\class_frac\class_frac\main.cpp(11): error C2679: бинарный "=": не найден оператор, принимающий правый операнд типа "int" (или приемлемое преобразование отсутствует)
  c:\users\user\source\repos\class_frac\class_frac\numproxy.h(16): note: может быть "numProxy &numProxy::operator =(numProxy &&)"
  c:\users\user\source\repos\class_frac\class_frac\numproxy.h(16): note: или       "numProxy &numProxy::operator =(const numProxy &)"
  c:\users\user\source\repos\class_frac\class_frac\main.cpp(11): note: при попытке сопоставить список аргументов "(numProxy, int)"
  numProxy.cpp
c:\users\user\source\repos\class_frac\class_frac\denomproxy.h(11): error C2061: синтаксическая ошибка: идентификатор "zFrac"
c:\users\user\source\repos\class_frac\class_frac\denomproxy.h(12): error C2143: синтаксическая ошибка: отсутствие ";" перед "&"
c:\users\user\source\repos\class_frac\class_frac\denomproxy.h(12): error C4430: отсутствует спецификатор типа - предполагается int. Примечание. C++ не поддерживает int по умолчанию
c:\users\user\source\repos\class_frac\class_frac\denomproxy.h(12): error C2238: непредвиденные лексемы перед ";"
c:\users\user\source\repos\class_frac\class_frac\denomproxy.h(15): error C2143: синтаксическая ошибка: отсутствие ";" перед "&"
c:\users\user\source\repos\class_frac\class_frac\denomproxy.h(15): error C4430: отсутствует спецификатор типа - предполагается int. Примечание. C++ не поддерживает int по умолчанию
c:\users\user\source\repos\class_frac\class_frac\denomproxy.h(15): error C2238: непредвиденные лексемы перед ";"
c:\users\user\source\repos\class_frac\class_frac\numproxy.cpp(3): error C2011: numProxy: переопределение типа "class"
  c:\users\user\source\repos\class_frac\class_frac\numproxy.h(9): note:  см. объявление "numProxy"
  zFrac.cpp
c:\users\user\source\repos\class_frac\class_frac\numproxy.h(11): error C2061: синтаксическая ошибка: идентификатор "zFrac"
c:\users\user\source\repos\class_frac\class_frac\numproxy.h(13): error C2143: синтаксическая ошибка: отсутствие ";" перед "&"
c:\users\user\source\repos\class_frac\class_frac\numproxy.h(13): error C4430: отсутствует спецификатор типа - предполагается int. Примечание. C++ не поддерживает int по умолчанию
c:\users\user\source\repos\class_frac\class_frac\numproxy.h(13): error C2238: непредвиденные лексемы перед ";"
c:\users\user\source\repos\class_frac\class_frac\numproxy.h(15): error C2143: синтаксическая ошибка: отсутствие ";" перед "&"
c:\users\user\source\repos\class_frac\class_frac\numproxy.h(15): error C4430: отсутствует спецификатор типа - предполагается int. Примечание. C++ не поддерживает int по умолчанию
c:\users\user\source\repos\class_frac\class_frac\numproxy.h(15): error C2238: непредвиденные лексемы перед ";"
c:\users\user\source\repos\class_frac\class_frac\denomproxy.h(11): error C2061: синтаксическая ошибка: идентификатор "zFrac"
c:\users\user\source\repos\class_frac\class_frac\denomproxy.h(12): error C2143: синтаксическая ошибка: отсутствие ";" перед "&"
c:\users\user\source\repos\class_frac\class_frac\denomproxy.h(12): error C4430: отсутствует спецификатор типа - предполагается int. Примечание. C++ не поддерживает int по умолчанию
c:\users\user\source\repos\class_frac\class_frac\denomproxy.h(12): error C2238: непредвиденные лексемы перед ";"
c:\users\user\source\repos\class_frac\class_frac\denomproxy.h(15): error C2143: синтаксическая ошибка: отсутствие ";" перед "&"
c:\users\user\source\repos\class_frac\class_frac\denomproxy.h(15): error C4430: отсутствует спецификатор типа - предполагается int. Примечание. C++ не поддерживает int по умолчанию
c:\users\user\source\repos\class_frac\class_frac\denomproxy.h(15): error C2238: непредвиденные лексемы перед ";"
c:\users\user\source\repos\class_frac\class_frac\zfrac.cpp(3): error C2011: zFrac: переопределение типа "class"
  c:\users\user\source\repos\class_frac\class_frac\zfrac.h(13): note:  см. объявление "zFrac"
c:\users\user\source\repos\class_frac\class_frac\zfrac.cpp(180): error C2027: использование неопределенного типа "zFrac"
  c:\users\user\source\repos\class_frac\class_frac\zfrac.h(13): note:  см. объявление "zFrac"
c:\users\user\source\repos\class_frac\class_frac\zfrac.cpp(181): error C2079: "temp1" использует не имеющую определения структуру class "zFrac"
c:\users\user\source\repos\class_frac\class_frac\zfrac.cpp(182): error C2679: бинарный "+=": не найден оператор, принимающий правый операнд типа "const zFrac" (или приемлемое преобразование отсутствует)
  c:\users\user\source\repos\class_frac\class_frac\zfrac.cpp(182): note: может быть "встроенный оператор C+++=(int, double)"
  c:\users\user\source\repos\class_frac\class_frac\zfrac.cpp(182): note: при попытке сопоставить список аргументов "(int, const zFrac)"
c:\users\user\source\repos\class_frac\class_frac\zfrac.cpp(186): error C2027: использование неопределенного типа "zFrac"
  c:\users\user\source\repos\class_frac\class_frac\zfrac.h(13): note:  см. объявление "zFrac"
c:\users\user\source\repos\class_frac\class_frac\zfrac.cpp(187): error C2079: "temp1" использует не имеющую определения структуру class "zFrac"
c:\users\user\source\repos\class_frac\class_frac\zfrac.cpp(188): error C2679: бинарный "+=": не найден оператор, принимающий правый операнд типа "const zFrac" (или приемлемое преобразование отсутствует)
  c:\users\user\source\repos\class_frac\class_frac\zfrac.cpp(188): note: может быть "встроенный оператор C+++=(int, double)"
  c:\users\user\source\repos\class_frac\class_frac\zfrac.cpp(188): note: при попытке сопоставить список аргументов "(int, const zFrac)"
c:\users\user\source\repos\class_frac\class_frac\zfrac.cpp(192): error C2027: использование неопределенного типа "zFrac"
  c:\users\user\source\repos\class_frac\class_frac\zfrac.h(13): note:  см. объявление "zFrac"
c:\users\user\source\repos\class_frac\class_frac\zfrac.cpp(193): error C2079: "temp1" использует не имеющую определения структуру class "zFrac"
c:\users\user\source\repos\class_frac\class_frac\zfrac.cpp(194): error C2679: бинарный "-=": не найден оператор, принимающий правый операнд типа "const zFrac" (или приемлемое преобразование отсутствует)
  c:\users\user\source\repos\class_frac\class_frac\zfrac.cpp(194): note: может быть "встроенный оператор C++-=(int, double)"
  c:\users\user\source\repos\class_frac\class_frac\zfrac.cpp(194): note: при попытке сопоставить список аргументов "(int, const zFrac)"
c:\users\user\source\repos\class_frac\class_frac\zfrac.cpp(198): error C2027: использование неопределенного типа "zFrac"
  c:\users\user\source\repos\class_frac\class_frac\zfrac.h(13): note:  см. объявление "zFrac"
c:\users\user\source\repos\class_frac\class_frac\zfrac.cpp(199): error C2079: "temp1" использует не имеющую определения структуру class "zFrac"
c:\users\user\source\repos\class_frac\class_frac\zfrac.cpp(200): error C2679: бинарный "-=": не найден оператор, принимающий правый операнд типа "const zFrac" (или приемлемое преобразование отсутствует)
  c:\users\user\source\repos\class_frac\class_frac\zfrac.cpp(200): note: может быть "встроенный оператор C++-=(int, double)"
  c:\users\user\source\repos\class_frac\class_frac\zfrac.cpp(200): note: при попытке сопоставить список аргументов "(int, const zFrac)"
c:\users\user\source\repos\class_frac\class_frac\zfrac.cpp(204): error C2027: использование неопределенного типа "zFrac"
  c:\users\user\source\repos\class_frac\class_frac\zfrac.h(13): note:  см. объявление "zFrac"
c:\users\user\source\repos\class_frac\class_frac\zfrac.cpp(205): error C2079: "temp1" использует не имеющую определения структуру class "zFrac"
c:\users\user\source\repos\class_frac\class_frac\zfrac.cpp(206): error C2679: бинарный "*=": не найден оператор, принимающий правый операнд типа "const zFrac" (или приемлемое преобразование отсутствует)
  c:\users\user\source\repos\class_frac\class_frac\zfrac.cpp(206): note: может быть "встроенный оператор C++*=(int, double)"
  c:\users\user\source\repos\class_frac\class_frac\zfrac.cpp(206): note: при попытке сопоставить список аргументов "(int, const zFrac)"
c:\users\user\source\repos\class_frac\class_frac\zfrac.cpp(210): error C2027: использование неопределенного типа "zFrac"
  c:\users\user\source\repos\class_frac\class_frac\zfrac.h(13): note:  см. объявление "zFrac"
c:\users\user\source\repos\class_frac\class_frac\zfrac.cpp(211): error C2079: "temp1" использует не имеющую определения структуру class "zFrac"
c:\users\user\source\repos\class_frac\class_frac\zfrac.cpp(212): error C2679: бинарный "*=": не найден оператор, принимающий правый операнд типа "const zFrac" (или приемлемое преобразование отсутствует)
  c:\users\user\source\repos\class_frac\class_frac\zfrac.cpp(212): note: может быть "встроенный оператор C++*=(int, double)"
  c:\users\user\source\repos\class_frac\class_frac\zfrac.cpp(212): note: при попытке сопоставить список аргументов "(int, const zFrac)"
c:\users\user\source\repos\class_frac\class_frac\zfrac.cpp(216): error C2374: eps: переопределение; множественная инициализация
  c:\users\user\source\repos\class_frac\class_frac\zfrac.h(96): note:  см. объявление "eps"
c:\users\user\source\repos\class_frac\class_frac\zfrac.cpp(219): error C2027: использование неопределенного типа "zFrac"
  c:\users\user\source\repos\class_frac\class_frac\zfrac.h(13): note:  см. объявление "zFrac"
c:\users\user\source\repos\class_frac\class_frac\zfrac.cpp(223): error C2027: использование неопределенного типа "zFrac"
  c:\users\user\source\repos\class_frac\class_frac\zfrac.h(13): note:  см. объявление "zFrac"
c:\users\user\source\repos\class_frac\class_frac\zfrac.cpp(227): error C2027: использование неопределенного типа "zFrac"
  c:\users\user\source\repos\class_frac\class_frac\zfrac.h(13): note:  см. объявление "zFrac"
c:\users\user\source\repos\class_frac\class_frac\zfrac.cpp(231): error C2027: использование неопределенного типа "zFrac"
  c:\users\user\source\repos\class_frac\class_frac\zfrac.h(13): note:  см. объявление "zFrac"
c:\users\user\source\repos\class_frac\class_frac\zfrac.cpp(235): error C2027: использование неопределенного типа "zFrac"
  c:\users\user\source\repos\class_frac\class_frac\zfrac.h(13): note:  см. объявление "zFrac"
c:\users\user\source\repos\class_frac\class_frac\zfrac.cpp(239): error C2027: использование неопределенного типа "zFrac"
  c:\users\user\source\repos\class_frac\class_frac\zfrac.h(13): note:  см. объявление "zFrac"
c:\users\user\source\repos\class_frac\class_frac\zfrac.cpp(243): error C2027: использование неопределенного типа "zFrac"
  c:\users\user\source\repos\class_frac\class_frac\zfrac.h(13): note:  см. объявление "zFrac"
c:\users\user\source\repos\class_frac\class_frac\zfrac.cpp(247): error C2027: использование неопределенного типа "zFrac"
  c:\users\user\source\repos\class_frac\class_frac\zfrac.h(13): note:  см. объявление "zFrac"
c:\users\user\source\repos\class_frac\class_frac\zfrac.cpp(251): error C2027: использование неопределенного типа "zFrac"
  c:\users\user\source\repos\class_frac\class_frac\zfrac.h(13): note:  см. объявление "zFrac"
c:\users\user\source\repos\class_frac\class_frac\zfrac.cpp(255): error C2027: использование неопределенного типа "zFrac"
  c:\users\user\source\repos\class_frac\class_frac\zfrac.h(13): note:  см. объявление "zFrac"
c:\users\user\source\repos\class_frac\class_frac\zfrac.cpp(259): error C2678: бинарный "==": не найден оператор, принимающий левый операнд типа "zFrac" (или приемлемое преобразование отсутствует)
  c:\users\user\source\repos\class_frac\class_frac\zfrac.h(60): note: может быть "bool zFrac::operator ==(const zFrac &) const"
  c:\users\user\source\repos\class_frac\class_frac\zfrac.cpp(254): note: или       "bool operator ==(zFrac,const int &)"
  c:\users\user\source\repos\class_frac\class_frac\zfrac.cpp(250): note: или       "bool operator ==(const int &,zFrac)"
  c:\program files (x86)\microsoft visual studio\2017\community\vc\tools\msvc\14.13.26128\include\system_error(370): note: или       "bool std::operator ==(const std::error_condition &,const std::error_condition &) noexcept"
  c:\program files (x86)\microsoft visual studio\2017\community\vc\tools\msvc\14.13.26128\include\system_error(364): note: или       "bool std::operator ==(const std::error_condition &,const std::error_code &) noexcept"
  c:\program files (x86)\microsoft visual studio\2017\community\vc\tools\msvc\14.13.26128\include\system_error(358): note: или       "bool std::operator ==(const std::error_code &,const std::error_condition &) noexcept"
  c:\program files (x86)\microsoft visual studio\2017\community\vc\tools\msvc\14.13.26128\include\system_error(352): note: или       "bool std::operator ==(const std::error_code &,const std::error_code &) noexcept"
  c:\program files (x86)\microsoft visual studio\2017\community\vc\tools\msvc\14.13.26128\include\exception(329): note: или       "bool std::operator ==(const std::exception_ptr &,std::nullptr_t) noexcept"
  c:\program files (x86)\microsoft visual studio\2017\community\vc\tools\msvc\14.13.26128\include\exception(324): note: или       "bool std::operator ==(std::nullptr_t,const std::exception_ptr &) noexcept"
  c:\program files (x86)\microsoft visual studio\2017\community\vc\tools\msvc\14.13.26128\include\exception(319): note: или       "bool std::operator ==(const std::exception_ptr &,const std::exception_ptr &) noexcept"
  c:\users\user\source\repos\class_frac\class_frac\zfrac.cpp(259): note: или       "встроенный оператор C++==(double, int)"
  c:\users\user\source\repos\class_frac\class_frac\zfrac.cpp(259): note: при попытке сопоставить список аргументов "(zFrac, const int)"
c:\users\user\source\repos\class_frac\class_frac\zfrac.cpp(263): error C2678: бинарный "==": не найден оператор, принимающий левый операнд типа "zFrac" (или приемлемое преобразование отсутствует)
  c:\users\user\source\repos\class_frac\class_frac\zfrac.h(60): note: может быть "bool zFrac::operator ==(const zFrac &) const"
  c:\users\user\source\repos\class_frac\class_frac\zfrac.cpp(254): note: или       "bool operator ==(zFrac,const int &)"
  c:\users\user\source\repos\class_frac\class_frac\zfrac.cpp(250): note: или       "bool operator ==(const int &,zFrac)"
  c:\program files (x86)\microsoft visual studio\2017\community\vc\tools\msvc\14.13.26128\include\system_error(370): note: или       "bool std::operator ==(const std::error_condition &,const std::error_condition &) noexcept"
  c:\program files (x86)\microsoft visual studio\2017\community\vc\tools\msvc\14.13.26128\include\system_error(364): note: или       "bool std::operator ==(const std::error_condition &,const std::error_code &) noexcept"
  c:\program files (x86)\microsoft visual studio\2017\community\vc\tools\msvc\14.13.26128\include\system_error(358): note: или       "bool std::operator ==(const std::error_code &,const std::error_condition &) noexcept"
  c:\program files (x86)\microsoft visual studio\2017\community\vc\tools\msvc\14.13.26128\include\system_error(352): note: или       "bool std::operator ==(const std::error_code &,const std::error_code &) noexcept"
  c:\program files (x86)\microsoft visual studio\2017\community\vc\tools\msvc\14.13.26128\include\exception(329): note: или       "bool std::operator ==(const std::exception_ptr &,std::nullptr_t) noexcept"
  c:\program files (x86)\microsoft visual studio\2017\community\vc\tools\msvc\14.13.26128\include\exception(324): note: или       "bool std::operator ==(std::nullptr_t,const std::exception_ptr &) noexcept"
  c:\program files (x86)\microsoft visual studio\2017\community\vc\tools\msvc\14.13.26128\include\exception(319): note: или       "bool std::operator ==(const std::exception_ptr &,const std::exception_ptr &) noexcept"
  c:\users\user\source\repos\class_frac\class_frac\zfrac.cpp(263): note: или       "встроенный оператор C++==(double, int)"
  c:\users\user\source\repos\class_frac\class_frac\zfrac.cpp(263): note: при попытке сопоставить список аргументов "(zFrac, const int)"
  Frac.cpp
  Создание кода...
